library paths:
... J:/HyperionTransit_Desktop/app/library
... J:/HyperionTransit_Desktop/dist/R-Portable/App/R-Portable/library
working path:
... J:/HyperionTransit_Desktop
Loading required package: methods
ensuring packages: jsonlite, shiny, shiny, DT, magrittr, leaflet, leaflet.extras, RColorBrewer, scales, lattice, fmsb, gsubfn, proto, igraph, sqldf, RSQLite, shinyBS, rhandsontable, stringr, jsonlite, ggplot2, devtools, reshape2, gridExtra, data.table, sp, geojsonio, rgdal, maptools, shinyjs

Attaching package: 'shiny'

The following object is masked from 'package:jsonlite':

    validate


Attaching package: 'DT'

The following objects are masked from 'package:shiny':

    dataTableOutput, renderDataTable

Loading required package: proto

Attaching package: 'igraph'

The following objects are masked from 'package:stats':

    decompose, spectrum

The following object is masked from 'package:base':

    union

Loading required package: RSQLite

Attaching package: 'data.table'

The following objects are masked from 'package:reshape2':

    dcast, melt


Attaching package: 'geojsonio'

The following object is masked from 'package:devtools':

    lint

The following object is masked from 'package:shiny':

    validate

The following object is masked from 'package:jsonlite':

    validate

The following object is masked from 'package:base':

    pretty

rgdal: version: 1.2-8, (SVN revision 663)
 Geospatial Data Abstraction Library extensions to R successfully loaded
 Loaded GDAL runtime: GDAL 2.0.1, released 2015/09/15
 Path to GDAL shared files: J:/HyperionTransit_Desktop/app/library/rgdal/gdal
 Loaded PROJ.4 runtime: Rel. 4.9.2, 08 September 2015, [PJ_VERSION: 492]
 Path to PROJ.4 shared files: J:/HyperionTransit_Desktop/app/library/rgdal/proj
 Linking to sp version: 1.2-5 
Checking rgeos availability: TRUE

Attaching package: 'shinyjs'

The following object is masked from 'package:sp':

    show

The following object is masked from 'package:RSQLite':

    show

The following object is masked from 'package:shiny':

    runExample

The following objects are masked from 'package:methods':

    removeClass, show


Listening on http://127.0.0.1:5144
ERROR: [uv_write] connection reset by peer
ERROR: [on_request_read] connection reset by peer
ERROR: [on_request_read] connection reset by peer
